This is pdfTeX, Version 3.14159265-2.6-1.40.16 (TeX Live 2015/Arch Linux) (preloaded format=pdflatex 2015.11.25)  6 DEC 2015 12:07
entering extended mode
 restricted \write18 enabled.
 %&-line parsing enabled.
**sample1.tex
(./sample1.tex
LaTeX2e <2015/10/01> patch level 2
Babel <3.9m> and hyphenation patterns for 79 languages loaded.
(./acmsmall.cls
Document Class: acmsmall 2013/08/09 v1.10 ACM class
(/usr/share/texmf-dist/tex/latex/url/url.sty
\Urlmuskip=\muskip10
Package: url 2013/09/16  ver 3.4  Verb mode for urls, etc.
)
ACM, Production Font style: 2010/06/28 by Aptara

Using ACM, TECS option: 2010/05/04 by Aptara

(/usr/share/texmf-dist/tex/generic/oberdiek/ifpdf.sty
Package: ifpdf 2011/01/30 v2.3 Provides the ifpdf switch (HO)
Package ifpdf Info: pdfTeX in PDF mode is detected.
)
(/usr/share/texmf-dist/tex/latex/base/latexsym.sty
Package: latexsym 1998/08/17 v2.2e Standard LaTeX package (lasy symbols)
\symlasy=\mathgroup4
LaTeX Font Info:    Overwriting symbol font `lasy' in version `bold'
(Font)                  U/lasy/m/n --> U/lasy/b/n on input line 52.
)
(/usr/share/texmf-dist/tex/latex/graphics/color.sty
Package: color 2014/10/28 v1.1a Standard LaTeX Color (DPC)

(/usr/share/texmf-dist/tex/latex/latexconfig/color.cfg
File: color.cfg 2007/01/18 v1.5 color configuration of teTeX/TeXLive
)
Package color Info: Driver file: pdftex.def on input line 142.

(/usr/share/texmf-dist/tex/latex/pdftex-def/pdftex.def
File: pdftex.def 2011/05/27 v0.06d Graphics/color for pdfTeX

(/usr/share/texmf-dist/tex/generic/oberdiek/infwarerr.sty
Package: infwarerr 2010/04/08 v1.3 Providing info/warning/error messages (HO)
)
(/usr/share/texmf-dist/tex/generic/oberdiek/ltxcmds.sty
Package: ltxcmds 2011/11/09 v1.22 LaTeX kernel commands for general use (HO)
)
\Gread@gobject=\count79
))
(/usr/share/texmf-dist/tex/latex/graphics/graphicx.sty
Package: graphicx 2014/10/28 v1.0g Enhanced LaTeX Graphics (DPC,SPQR)

(/usr/share/texmf-dist/tex/latex/graphics/keyval.sty
Package: keyval 2014/10/28 v1.15 key=value parser (DPC)
\KV@toks@=\toks14
)
(/usr/share/texmf-dist/tex/latex/graphics/graphics.sty
Package: graphics 2014/10/28 v1.0p Standard LaTeX Graphics (DPC,SPQR)

(/usr/share/texmf-dist/tex/latex/graphics/trig.sty
Package: trig 1999/03/16 v1.09 sin cos tan (DPC)
)
(/usr/share/texmf-dist/tex/latex/latexconfig/graphics.cfg
File: graphics.cfg 2010/04/23 v1.9 graphics configuration of TeX Live
)
Package graphics Info: Driver file: pdftex.def on input line 94.
)
\Gin@req@height=\dimen102
\Gin@req@width=\dimen103
)
Document Class `acmsmall' Electronic Submissions v1.10 <August 10, 2013> (ACM).

\@firstpg=\count80
\@lastpg=\count81
\trimheight=\dimen104
\trimwidth=\dimen105
\normaltextheight=\dimen106
\tempdimen=\dimen107
\tempbox=\box26
\tbbox=\box27
\tabledim=\dimen108
\symnewlargesymbols=\mathgroup5
LaTeX Font Info:    Redeclaring math symbol \bigsqcup on input line 2459.
\normalparindent=\dimen109
\footheight=\skip41
\@maxsep=\skip42
\@dblmaxsep=\skip43
(./acmcopyright.sty
Package: acmcopyright 2014/06/29 v1.2 Copyright statemens for ACM classes
 (/usr/share/texmf-dist/tex/latex/xkeyval/xkeyval.sty
Package: xkeyval 2014/12/03 v2.7a package option processing (HA)

(/usr/share/texmf-dist/tex/generic/xkeyval/xkeyval.tex
(/usr/share/texmf-dist/tex/generic/xkeyval/xkvutils.tex
\XKV@toks=\toks15
\XKV@tempa@toks=\toks16
)
\XKV@depth=\count82
File: xkeyval.tex 2014/12/03 v2.7a key=value parser (HA)
)))
\@totalpg=\count83
\@abstract=\box28

(/usr/share/texmf-dist/tex/latex/comment/comment.sty
\CommentStream=\write3

Excluding comment 'comment') Excluding comment 'CCSXML'
\@permissionbox=\box29
\c@part=\count84
\c@section=\count85
\c@subsection=\count86
\c@subsubsection=\count87
\c@paragraph=\count88
\enumdim=\dimen110
\c@theorem=\count89
\belowcaptionskip=\skip44
\abovecaptionskip=\skip45
\c@figure=\count90
\c@table=\count91
\@narrowfig=\dimen111
\@nfigbox=\box30
\@nfcapbox=\box31
\@nfigbox=\box32
\@nfcapbox=\box33
\bibindent=\dimen112
LaTeX Font Info:    Overwriting math alphabet `\mathbb' in version `normal'
(Font)                  OT1/ams/bx/n --> OT1/ams/bx/n on input line 4077.
LaTeX Font Info:    Overwriting math alphabet `\mathbb' in version `bold'
(Font)                  OT1/ams/bx/n --> OT1/ams/bx/n on input line 4078.
)
(/usr/share/texmf-dist/tex/latex/algorithm2e/algorithm2e.sty
Package: algorithm2e 2013/01/06 v5.00 algorithms environments
\c@AlgoLine=\count92

(/usr/share/texmf-dist/tex/latex/base/ifthen.sty
Package: ifthen 2014/09/29 v1.1c Standard LaTeX ifthen package (DPC)
)
\algocf@hangindent=\skip46

(/usr/share/texmf-dist/tex/latex/tools/xspace.sty
Package: xspace 2014/10/28 v1.13 Space after command names (DPC,MH)
)
(/usr/share/texmf-dist/tex/latex/relsize/relsize.sty
Package: relsize 2013/03/29 ver 4.1
)
********************************************************
Package `algorithm2e' Release 5.1 -- october 19 2015 --
- algorithm2e-announce@lirmm.fr mailing list for announcement about releases
- algorithm2e-discussion@lirmm.fr mailing list for discussion about package
subscribe by emailing sympa@lirmm.fr with 'subscribe <list> <firstname name>'
- Author: Christophe Fiorio (christophe.fiorio@umontpellier.fr)
********************************************************
\skiptotal=\skip47
\skiplinenumber=\skip48
\skiprule=\skip49
\skiphlne=\skip50
\skiptext=\skip51
\skiplength=\skip52
\algomargin=\skip53
\skipalgocfslide=\skip54
\algowidth=\dimen113
\inoutsize=\dimen114
\inoutindent=\dimen115
\interspacetitleruled=\dimen116
\interspacealgoruled=\dimen117
\interspacetitleboxruled=\dimen118
\algocf@ruledwidth=\skip55
\algocf@inoutbox=\box34
\algocf@inputbox=\box35
\AlCapSkip=\skip56
\AlCapHSkip=\skip57
\algoskipindent=\skip58
\algocf@nlbox=\box36
\algocf@hangingbox=\box37
\algocf@untilbox=\box38
\algocf@skipuntil=\skip59
\algocf@capbox=\box39
\algoheightruledefault=\skip60
\algoheightrule=\skip61
\algotitleheightruledefault=\skip62
\algotitleheightrule=\skip63
\c@algocfline=\count93
\c@algocfproc=\count94
\c@algocf=\count95
\algocf@algoframe=\box40
\algocf@algobox=\box41
) (./sample1.aux)
\openout1 = `sample1.aux'.

LaTeX Font Info:    Checking defaults for OML/cmm/m/it on input line 42.
LaTeX Font Info:    ... okay on input line 42.
LaTeX Font Info:    Checking defaults for T1/cmr/m/n on input line 42.
LaTeX Font Info:    ... okay on input line 42.
LaTeX Font Info:    Checking defaults for OT1/cmr/m/n on input line 42.
LaTeX Font Info:    ... okay on input line 42.
LaTeX Font Info:    Checking defaults for OMS/cmsy/m/n on input line 42.
LaTeX Font Info:    ... okay on input line 42.
LaTeX Font Info:    Checking defaults for OMX/cmex/m/n on input line 42.
LaTeX Font Info:    ... okay on input line 42.
LaTeX Font Info:    Checking defaults for U/cmr/m/n on input line 42.
LaTeX Font Info:    ... okay on input line 42.
LaTeX Font Info:    Try loading font information for OT1+pnc on input line 42.
 (/usr/share/texmf-dist/tex/latex/psnfss/ot1pnc.fd
File: ot1pnc.fd 2001/06/04 font definitions for OT1/pnc.
)
(/usr/share/texmf-dist/tex/context/base/supp-pdf.mkii
[Loading MPS to PDF converter (version 2006.09.02).]
\scratchcounter=\count96
\scratchdimen=\dimen119
\scratchbox=\box42
\nofMPsegments=\count97
\nofMParguments=\count98
\everyMPshowfont=\toks17
\MPscratchCnt=\count99
\MPscratchDim=\dimen120
\MPnumerator=\count100
\makeMPintoPDFobject=\count101
\everyMPtoPDFconversion=\toks18
) (/usr/share/texmf-dist/tex/generic/oberdiek/pdftexcmds.sty
Package: pdftexcmds 2011/11/29 v0.20 Utility functions of pdfTeX for LuaTeX (HO
)

(/usr/share/texmf-dist/tex/generic/oberdiek/ifluatex.sty
Package: ifluatex 2010/03/01 v1.3 Provides the ifluatex switch (HO)
Package ifluatex Info: LuaTeX not detected.
)
Package pdftexcmds Info: LuaTeX not detected.
Package pdftexcmds Info: \pdf@primitive is available.
Package pdftexcmds Info: \pdf@ifprimitive is available.
Package pdftexcmds Info: \pdfdraftmode found.
)
(/usr/share/texmf-dist/tex/latex/oberdiek/epstopdf-base.sty
Package: epstopdf-base 2010/02/09 v2.5 Base part for package epstopdf

(/usr/share/texmf-dist/tex/latex/oberdiek/grfext.sty
Package: grfext 2010/08/19 v1.1 Manage graphics extensions (HO)

(/usr/share/texmf-dist/tex/generic/oberdiek/kvdefinekeys.sty
Package: kvdefinekeys 2011/04/07 v1.3 Define keys (HO)
))
(/usr/share/texmf-dist/tex/latex/oberdiek/kvoptions.sty
Package: kvoptions 2011/06/30 v3.11 Key value format for package options (HO)

(/usr/share/texmf-dist/tex/generic/oberdiek/kvsetkeys.sty
Package: kvsetkeys 2012/04/25 v1.16 Key value parser (HO)

(/usr/share/texmf-dist/tex/generic/oberdiek/etexcmds.sty
Package: etexcmds 2011/02/16 v1.5 Avoid name clashes with e-TeX commands (HO)
Package etexcmds Info: Could not find \expanded.
(etexcmds)             That can mean that you are not using pdfTeX 1.50 or
(etexcmds)             that some package has redefined \expanded.
(etexcmds)             In the latter case, load this package earlier.
)))
Package grfext Info: Graphics extension search list:
(grfext)             [.png,.pdf,.jpg,.mps,.jpeg,.jbig2,.jb2,.PNG,.PDF,.JPG,.JPE
G,.JBIG2,.JB2,.eps]
(grfext)             \AppendGraphicsExtensions on input line 452.

(/usr/share/texmf-dist/tex/latex/latexconfig/epstopdf-sys.cfg
File: epstopdf-sys.cfg 2010/07/13 v1.3 Configuration of (r)epstopdf for TeX Liv
e
))
Excluding 'CCSXML' comment.
LaTeX Font Info:    Try loading font information for OMS+pnc on input line 160.

 (/usr/share/texmf-dist/tex/latex/psnfss/omspnc.fd
File: omspnc.fd 
)
LaTeX Font Info:    Font shape `OMS/pnc/m/n' in size <8> not available
(Font)              Font shape `OMS/cmsy/m/n' tried instead on input line 160.
LaTeX Font Info:    Try loading font information for OT1+phv on input line 162.


(/usr/share/texmf-dist/tex/latex/psnfss/ot1phv.fd
File: ot1phv.fd 2001/06/04 scalable font definitions for OT1/phv.
)
LaTeX Font Info:    Font shape `OT1/phv/bx/n' in size <12> not available
(Font)              Font shape `OT1/phv/b/n' tried instead on input line 162.
LaTeX Font Info:    Font shape `OT1/pnc/bx/n' in size <8> not available
(Font)              Font shape `OT1/pnc/b/n' tried instead on input line 162.
LaTeX Font Info:    External font `cmex10' loaded for size
(Font)              <8> on input line 162.
LaTeX Font Info:    External font `cmex10' loaded for size
(Font)              <6> on input line 162.
LaTeX Font Info:    External font `cmex10' loaded for size
(Font)              <5> on input line 162.
LaTeX Font Info:    Try loading font information for U+lasy on input line 162.

(/usr/share/texmf-dist/tex/latex/base/ulasy.fd
File: ulasy.fd 1998/08/17 v2.2e LaTeX symbol font definitions
)
LaTeX Font Info:    Font shape `OT1/phv/bx/n' in size <9> not available
(Font)              Font shape `OT1/phv/b/n' tried instead on input line 165.

Overfull \vbox (72.27pt too high) has occurred while \output is active []

 [1{/var/lib/texmf/fonts/map/pdftex/updmap/pdftex.map}
Non-PDF special ignored!

]
LaTeX Font Info:    External font `cmex10' loaded for size
(Font)              <7> on input line 216.

Underfull \hbox (badness 10000) in paragraph at lines 236--246
[]\OT1/pnc/m/n/10 So pro-to-cols [Bahl 2002,Culler 2001,Zhou 2006,Adya 2001,Cul
ler 2001;
 []

LaTeX Font Info:    Font shape `OT1/phv/m/it' in size <9> not available
(Font)              Font shape `OT1/phv/m/sl' tried instead on input line 250.
[2]
LaTeX Font Info:    Font shape `OT1/pnc/bx/n' in size <9> not available
(Font)              Font shape `OT1/pnc/b/n' tried instead on input line 273.
LaTeX Font Info:    External font `cmex10' loaded for size
(Font)              <9> on input line 273.
LaTeX Font Info:    Font shape `OT1/pnc/bx/n' in size <10> not available
(Font)              Font shape `OT1/pnc/b/n' tried instead on input line 294.
 [3] <acmsmall-mouse.pdf, id=33, 151.56625pt x 134.5025pt>
File: acmsmall-mouse.pdf Graphic file (type pdf)

<use acmsmall-mouse.pdf>
Package pdftex.def Info: acmsmall-mouse.pdf used on input line 347.
(pdftex.def)             Requested size: 151.56587pt x 134.50215pt.
 [4 <./acmsmall-mouse.pdf>] [5] (./sample1.bbl [6]
Underfull \hbox (badness 5217) in paragraph at lines 243--250
[]\OT1/pnc/m/n/8 Dave No-vak. 2003. Sol-der man. Video. In \OT1/pnc/m/it/8 ACM 
SIG-GRAPH 2003 Video Re-view on An-i-ma-
 []


Underfull \hbox (badness 1953) in paragraph at lines 243--250
\OT1/pnc/m/it/8 tion the-ater Pro-gram: Part I - Vol. 145 (July 27--27, 2003)\O
T1/pnc/m/n/8 . ACM Press, New York, NY, 4.
 []


Underfull \hbox (badness 2103) in paragraph at lines 316--324
\OT1/pnc/m/n/8 In \OT1/pnc/m/it/8 Pro-ceed-ings of the 3rd. an-nual work-shop o
n Li-brar-i-ans and Com-put-ers (LAC '10)\OT1/pnc/m/n/8 , Regi-
 []


Underfull \hbox (badness 2005) in paragraph at lines 316--324
\OT1/pnc/m/n/8 nald N. Smythe and Alexan-der No-ble (Eds.), Vol. 3. Pa-parazzi 
Press, Mi-lan Italy, 422--431.
 []

) [7] [1

] (./sample1.aux) )
(\end occurred inside a group at level 1)

### simple group (level 1) entered at line 1061 ({)
### bottom level 
Here is how much of TeX's memory you used:
 3498 strings out of 493054
 48766 string characters out of 6140585
 136372 words of memory out of 5000000
 6949 multiletter control sequences out of 15000+600000
 32253 words of font info for 65 fonts, out of 8000000 for 9000
 1141 hyphenation exceptions out of 8191
 38i,17n,35p,329b,2222s stack positions out of 5000i,500n,10000p,200000b,80000s
{/usr/share/texmf-dist/fonts/enc/dvips/base/8r.enc}</usr/share/
texmf-dist/fonts/type1/public/amsfonts/cm/cmmi10.pfb></usr/share/texmf-dist/fon
ts/type1/public/amsfonts/cm/cmmi5.pfb></usr/share/texmf-dist/fonts/type1/public
/amsfonts/cm/cmmi6.pfb></usr/share/texmf-dist/fonts/type1/public/amsfonts/cm/cm
mi7.pfb></usr/share/texmf-dist/fonts/type1/public/amsfonts/cm/cmmi9.pfb></usr/s
hare/texmf-dist/fonts/type1/public/amsfonts/cm/cmr10.pfb></usr/share/texmf-dist
/fonts/type1/public/amsfonts/cm/cmr5.pfb></usr/share/texmf-dist/fonts/type1/pub
lic/amsfonts/cm/cmr6.pfb></usr/share/texmf-dist/fonts/type1/public/amsfonts/cm/
cmr7.pfb></usr/share/texmf-dist/fonts/type1/public/amsfonts/cm/cmr9.pfb></usr/s
hare/texmf-dist/fonts/type1/public/amsfonts/cm/cmsy10.pfb></usr/share/texmf-dis
t/fonts/type1/public/amsfonts/cm/cmsy6.pfb></usr/share/texmf-dist/fonts/type1/p
ublic/amsfonts/cm/cmsy8.pfb></usr/share/texmf-dist/fonts/type1/public/amsfonts/
cm/cmsy9.pfb></usr/share/texmf-dist/fonts/type1/public/amsfonts/cm/cmtt8.pfb></
usr/share/texmf-dist/fonts/type1/public/amsfonts/latxfont/lcircle1.pfb></usr/sh
are/texmf-dist/fonts/type1/urw/helvetic/uhvb8a.pfb></usr/share/texmf-dist/fonts
/type1/urw/helvetic/uhvr8a.pfb></usr/share/texmf-dist/fonts/type1/urw/helvetic/
uhvro8a.pfb></usr/share/texmf-dist/fonts/type1/urw/ncntrsbk/uncb8a.pfb></usr/sh
are/texmf-dist/fonts/type1/urw/ncntrsbk/uncr8a.pfb></usr/share/texmf-dist/fonts
/type1/urw/ncntrsbk/uncri8a.pfb>
Output written on sample1.pdf (8 pages, 228473 bytes).
PDF statistics:
 125 PDF objects out of 1000 (max. 8388607)
 90 compressed objects within 1 object stream
 0 named destinations out of 1000 (max. 500000)
 6 words of extra memory for PDF output out of 10000 (max. 10000000)

